L 08/16/2024 - 12:27:31: SourceMod error session started
L 08/16/2024 - 12:27:31: Info (map "koth_badlands") (file "/home/davidn/Documents/Servers/IncrementalFortressTest/tf/addons/sourcemod/logs/errors_20240816.log")
L 08/16/2024 - 12:27:31: [SM] Exception reported: Array index out-of-bounds (index -1, limit 64)
L 08/16/2024 - 12:27:31: [SM] Blaming: IncrementalFortress.smx
L 08/16/2024 - 12:27:31: [SM] Call stack trace:
L 08/16/2024 - 12:27:31: [SM]   [1] Line 174, IncrementalFortress/ConfigSystem.sp::LoadCategoryLists
L 08/16/2024 - 12:27:31: [SM]   [2] Line 182, IncrementalFortress/ConfigSystem.sp::LoadCategoryLists
L 08/16/2024 - 12:27:31: [SM]   [3] Line 182, IncrementalFortress/ConfigSystem.sp::LoadCategoryLists
L 08/16/2024 - 12:27:31: [SM]   [4] Line 27, IncrementalFortress/ConfigSystem.sp::LoadConfigurationFiles
L 08/16/2024 - 12:27:31: [SM]   [5] Line 2, IncrementalFortress/OnPluginStart.sp::OnPluginStart
L 08/16/2024 - 12:28:21: [SM] Exception reported: Array index out-of-bounds (index -1, limit 64)
L 08/16/2024 - 12:28:21: [SM] Blaming: IncrementalFortress.smx
L 08/16/2024 - 12:28:21: [SM] Call stack trace:
L 08/16/2024 - 12:28:21: [SM]   [1] Line 176, IncrementalFortress/ConfigSystem.sp::LoadCategoryLists
L 08/16/2024 - 12:28:21: [SM]   [2] Line 184, IncrementalFortress/ConfigSystem.sp::LoadCategoryLists
L 08/16/2024 - 12:28:21: [SM]   [3] Line 184, IncrementalFortress/ConfigSystem.sp::LoadCategoryLists
L 08/16/2024 - 12:28:21: [SM]   [4] Line 48, IncrementalFortress/ConfigSystem.sp::LoadConfigurationFiles
L 08/16/2024 - 12:28:21: [SM]   [5] Line 2, IncrementalFortress/OnPluginStart.sp::OnPluginStart
L 08/16/2024 - 12:28:21: [SM]   [7] ServerExecute
L 08/16/2024 - 12:28:21: [SM]   [8] Line 510, H:\_To_games\Left4Dead_2\My_mods\Admin-Security\ReloadPlugins\scripting\autoreload.sp::Timer_ReloadDelayed
L 08/16/2024 - 12:28:45: [SM] Exception reported: Array index out-of-bounds (index -1, limit 64)
L 08/16/2024 - 12:28:45: [SM] Blaming: IncrementalFortress.smx
L 08/16/2024 - 12:28:45: [SM] Call stack trace:
L 08/16/2024 - 12:28:45: [SM]   [1] Line 176, IncrementalFortress/ConfigSystem.sp::LoadCategoryLists
L 08/16/2024 - 12:28:45: [SM]   [2] Line 184, IncrementalFortress/ConfigSystem.sp::LoadCategoryLists
L 08/16/2024 - 12:28:45: [SM]   [3] Line 184, IncrementalFortress/ConfigSystem.sp::LoadCategoryLists
L 08/16/2024 - 12:28:45: [SM]   [4] Line 48, IncrementalFortress/ConfigSystem.sp::LoadConfigurationFiles
L 08/16/2024 - 12:28:45: [SM]   [5] Line 2, IncrementalFortress/OnPluginStart.sp::OnPluginStart
L 08/16/2024 - 12:28:45: [SM]   [7] ServerExecute
L 08/16/2024 - 12:28:45: [SM]   [8] Line 510, H:\_To_games\Left4Dead_2\My_mods\Admin-Security\ReloadPlugins\scripting\autoreload.sp::Timer_ReloadDelayed
L 08/16/2024 - 14:50:51: [SM] Exception reported: Attribute name 'critical nullify rating' is invalid
L 08/16/2024 - 14:50:51: [SM] Blaming: tf2attributes.smx
L 08/16/2024 - 14:50:51: [SM] Call stack trace:
L 08/16/2024 - 14:50:51: [SM]   [0] ThrowNativeError
L 08/16/2024 - 14:50:51: [SM]   [1] Line 546, scripting/tf2attributes.sp::Native_SetAttrib
L 08/16/2024 - 14:50:51: [SM]   [3] TF2Attrib_SetByName
L 08/16/2024 - 14:50:51: [SM]   [4] Line 84, IncrementalFortress/Functions.sp::UpdateItemStats
L 08/16/2024 - 14:50:51: [SM]   [5] Line 55, IncrementalFortress/Functions.sp::PurchaseUpgrade
L 08/16/2024 - 14:50:51: [SM]   [6] Line 36, IncrementalFortress/MenuBackend.sp::MenuHandler_UpgradeChoice
L 08/16/2024 - 14:58:01: [SM] Exception reported: Attribute name 'critical nullify rating' is invalid
L 08/16/2024 - 14:58:01: [SM] Blaming: tf2attributes.smx
L 08/16/2024 - 14:58:01: [SM] Call stack trace:
L 08/16/2024 - 14:58:01: [SM]   [0] ThrowNativeError
L 08/16/2024 - 14:58:01: [SM]   [1] Line 546, scripting/tf2attributes.sp::Native_SetAttrib
L 08/16/2024 - 14:58:01: [SM]   [3] TF2Attrib_SetByName
L 08/16/2024 - 14:58:01: [SM]   [4] Line 118, IncrementalFortress/Functions.sp::UpdateItemStats
L 08/16/2024 - 14:58:01: [SM]   [5] Line 64, IncrementalFortress/Functions.sp::PurchaseUpgrade
L 08/16/2024 - 14:58:01: [SM]   [6] Line 36, IncrementalFortress/MenuBackend.sp::MenuHandler_UpgradeChoice
L 08/16/2024 - 14:58:12: [SM] Exception reported: Script execution timed out
L 08/16/2024 - 14:58:12: [SM] Blaming: IncrementalFortress.smx
L 08/16/2024 - 14:58:12: [SM] Call stack trace:
L 08/16/2024 - 14:58:12: [SM]   [1] Line 84, IncrementalFortress/Functions.sp::PurchaseUpgrade
L 08/16/2024 - 14:58:12: [SM]   [2] Line 36, IncrementalFortress/MenuBackend.sp::MenuHandler_UpgradeChoice
L 08/16/2024 - 15:01:27: [SM] Exception reported: Attribute name 'critical nullify rating' is invalid
L 08/16/2024 - 15:01:27: [SM] Blaming: tf2attributes.smx
L 08/16/2024 - 15:01:27: [SM] Call stack trace:
L 08/16/2024 - 15:01:27: [SM]   [0] ThrowNativeError
L 08/16/2024 - 15:01:27: [SM]   [1] Line 546, scripting/tf2attributes.sp::Native_SetAttrib
L 08/16/2024 - 15:01:27: [SM]   [3] TF2Attrib_SetByName
L 08/16/2024 - 15:01:27: [SM]   [4] Line 118, IncrementalFortress/Functions.sp::UpdateItemStats
L 08/16/2024 - 15:01:27: [SM]   [5] Line 64, IncrementalFortress/Functions.sp::PurchaseUpgrade
L 08/16/2024 - 15:01:27: [SM]   [6] Line 36, IncrementalFortress/MenuBackend.sp::MenuHandler_UpgradeChoice
L 08/16/2024 - 15:02:00: [SM] Exception reported: Script execution timed out
L 08/16/2024 - 15:02:00: [SM] Blaming: IncrementalFortress.smx
L 08/16/2024 - 15:02:00: [SM] Call stack trace:
L 08/16/2024 - 15:02:00: [SM]   [1] Line 84, IncrementalFortress/Functions.sp::PurchaseUpgrade
L 08/16/2024 - 15:02:00: [SM]   [2] Line 36, IncrementalFortress/MenuBackend.sp::MenuHandler_UpgradeChoice
L 08/16/2024 - 15:12:17: [SM] Exception reported: Attribute name 'critical nullify rating' is invalid
L 08/16/2024 - 15:12:17: [SM] Blaming: tf2attributes.smx
L 08/16/2024 - 15:12:17: [SM] Call stack trace:
L 08/16/2024 - 15:12:17: [SM]   [0] ThrowNativeError
L 08/16/2024 - 15:12:17: [SM]   [1] Line 546, scripting/tf2attributes.sp::Native_SetAttrib
L 08/16/2024 - 15:12:17: [SM]   [3] TF2Attrib_SetByName
L 08/16/2024 - 15:12:17: [SM]   [4] Line 126, IncrementalFortress/Functions.sp::UpdateItemStats
L 08/16/2024 - 15:12:17: [SM]   [5] Line 72, IncrementalFortress/Functions.sp::PurchaseUpgrade
L 08/16/2024 - 15:12:17: [SM]   [6] Line 36, IncrementalFortress/MenuBackend.sp::MenuHandler_UpgradeChoice
L 08/16/2024 - 15:12:20: [SM] Exception reported: Attribute name 'critical nullify rating' is invalid
L 08/16/2024 - 15:12:20: [SM] Blaming: tf2attributes.smx
L 08/16/2024 - 15:12:20: [SM] Call stack trace:
L 08/16/2024 - 15:12:20: [SM]   [0] ThrowNativeError
L 08/16/2024 - 15:12:20: [SM]   [1] Line 546, scripting/tf2attributes.sp::Native_SetAttrib
L 08/16/2024 - 15:12:20: [SM]   [3] TF2Attrib_SetByName
L 08/16/2024 - 15:12:20: [SM]   [4] Line 126, IncrementalFortress/Functions.sp::UpdateItemStats
L 08/16/2024 - 15:12:20: [SM]   [5] Line 72, IncrementalFortress/Functions.sp::PurchaseUpgrade
L 08/16/2024 - 15:12:20: [SM]   [6] Line 36, IncrementalFortress/MenuBackend.sp::MenuHandler_UpgradeChoice
L 08/16/2024 - 15:12:22: [SM] Exception reported: Attribute name 'critical nullify rating' is invalid
L 08/16/2024 - 15:12:22: [SM] Blaming: tf2attributes.smx
L 08/16/2024 - 15:12:22: [SM] Call stack trace:
L 08/16/2024 - 15:12:22: [SM]   [0] ThrowNativeError
L 08/16/2024 - 15:12:22: [SM]   [1] Line 546, scripting/tf2attributes.sp::Native_SetAttrib
L 08/16/2024 - 15:12:22: [SM]   [3] TF2Attrib_SetByName
L 08/16/2024 - 15:12:22: [SM]   [4] Line 126, IncrementalFortress/Functions.sp::UpdateItemStats
L 08/16/2024 - 15:12:22: [SM]   [5] Line 72, IncrementalFortress/Functions.sp::PurchaseUpgrade
L 08/16/2024 - 15:12:22: [SM]   [6] Line 36, IncrementalFortress/MenuBackend.sp::MenuHandler_UpgradeChoice
L 08/16/2024 - 15:12:23: [SM] Exception reported: Attribute name 'critical nullify rating' is invalid
L 08/16/2024 - 15:12:23: [SM] Blaming: tf2attributes.smx
L 08/16/2024 - 15:12:23: [SM] Call stack trace:
L 08/16/2024 - 15:12:23: [SM]   [0] ThrowNativeError
L 08/16/2024 - 15:12:23: [SM]   [1] Line 546, scripting/tf2attributes.sp::Native_SetAttrib
L 08/16/2024 - 15:12:23: [SM]   [3] TF2Attrib_SetByName
L 08/16/2024 - 15:12:23: [SM]   [4] Line 126, IncrementalFortress/Functions.sp::UpdateItemStats
L 08/16/2024 - 15:12:23: [SM]   [5] Line 96, IncrementalFortress/Functions.sp::PurchaseUpgrade
L 08/16/2024 - 15:12:23: [SM]   [6] Line 36, IncrementalFortress/MenuBackend.sp::MenuHandler_UpgradeChoice
L 08/16/2024 - 16:08:38: [SM] Exception reported: Attribute name 'critical nullify rating' is invalid
L 08/16/2024 - 16:08:38: [SM] Blaming: tf2attributes.smx
L 08/16/2024 - 16:08:38: [SM] Call stack trace:
L 08/16/2024 - 16:08:38: [SM]   [0] ThrowNativeError
L 08/16/2024 - 16:08:38: [SM]   [1] Line 546, scripting/tf2attributes.sp::Native_SetAttrib
L 08/16/2024 - 16:08:38: [SM]   [3] TF2Attrib_SetByName
L 08/16/2024 - 16:08:38: [SM]   [4] Line 144, IncrementalFortress/Functions.sp::UpdateItemStats
L 08/16/2024 - 16:08:38: [SM]   [5] Line 74, IncrementalFortress/Functions.sp::PurchaseUpgrade
L 08/16/2024 - 16:08:38: [SM]   [6] Line 36, IncrementalFortress/MenuBackend.sp::MenuHandler_UpgradeChoice
L 08/16/2024 - 16:55:40: [SM] Exception reported: Attribute name 'critical nullify rating' is invalid
L 08/16/2024 - 16:55:40: [SM] Blaming: tf2attributes.smx
L 08/16/2024 - 16:55:40: [SM] Call stack trace:
L 08/16/2024 - 16:55:40: [SM]   [0] ThrowNativeError
L 08/16/2024 - 16:55:40: [SM]   [1] Line 546, scripting/tf2attributes.sp::Native_SetAttrib
L 08/16/2024 - 16:55:40: [SM]   [3] TF2Attrib_SetByName
L 08/16/2024 - 16:55:40: [SM]   [4] Line 144, IncrementalFortress/Functions.sp::UpdateItemStats
L 08/16/2024 - 16:55:40: [SM]   [5] Line 98, IncrementalFortress/Functions.sp::PurchaseUpgrade
L 08/16/2024 - 16:55:40: [SM]   [6] Line 36, IncrementalFortress/MenuBackend.sp::MenuHandler_UpgradeChoice
L 08/16/2024 - 17:01:39: [SM] Exception reported: Array index out-of-bounds (index -1, limit 7)
L 08/16/2024 - 17:01:39: [SM] Blaming: IncrementalFortress.smx
L 08/16/2024 - 17:01:39: [SM] Call stack trace:
L 08/16/2024 - 17:01:39: [SM]   [1] Line 213, IncrementalFortress/ConfigSystem.sp::LoadCategoryLists
L 08/16/2024 - 17:01:39: [SM]   [2] Line 196, IncrementalFortress/ConfigSystem.sp::LoadCategoryLists
L 08/16/2024 - 17:01:39: [SM]   [3] Line 196, IncrementalFortress/ConfigSystem.sp::LoadCategoryLists
L 08/16/2024 - 17:01:39: [SM]   [4] Line 48, IncrementalFortress/ConfigSystem.sp::LoadConfigurationFiles
L 08/16/2024 - 17:01:39: [SM]   [5] Line 2, IncrementalFortress/OnPluginStart.sp::OnPluginStart
L 08/16/2024 - 17:12:13: [SM] Exception reported: Array index out-of-bounds (index -1, limit 7)
L 08/16/2024 - 17:12:13: [SM] Blaming: IncrementalFortress.smx
L 08/16/2024 - 17:12:13: [SM] Call stack trace:
L 08/16/2024 - 17:12:13: [SM]   [1] Line 184, IncrementalFortress/ConfigSystem.sp::LoadCategoryLists
L 08/16/2024 - 17:12:13: [SM]   [2] Line 204, IncrementalFortress/ConfigSystem.sp::LoadCategoryLists
L 08/16/2024 - 17:12:13: [SM]   [3] Line 204, IncrementalFortress/ConfigSystem.sp::LoadCategoryLists
L 08/16/2024 - 17:12:13: [SM]   [4] Line 48, IncrementalFortress/ConfigSystem.sp::LoadConfigurationFiles
L 08/16/2024 - 17:12:13: [SM]   [5] Line 2, IncrementalFortress/OnPluginStart.sp::OnPluginStart
L 08/16/2024 - 17:17:23: [SM] Exception reported: Array index out-of-bounds (index -1, limit 64)
L 08/16/2024 - 17:17:23: [SM] Blaming: IncrementalFortress.smx
L 08/16/2024 - 17:17:23: [SM] Call stack trace:
L 08/16/2024 - 17:17:23: [SM]   [1] Line 195, IncrementalFortress/ConfigSystem.sp::LoadCategoryLists
L 08/16/2024 - 17:17:23: [SM]   [2] Line 204, IncrementalFortress/ConfigSystem.sp::LoadCategoryLists
L 08/16/2024 - 17:17:23: [SM]   [3] Line 204, IncrementalFortress/ConfigSystem.sp::LoadCategoryLists
L 08/16/2024 - 17:17:23: [SM]   [4] Line 48, IncrementalFortress/ConfigSystem.sp::LoadConfigurationFiles
L 08/16/2024 - 17:17:23: [SM]   [5] Line 2, IncrementalFortress/OnPluginStart.sp::OnPluginStart
L 08/16/2024 - 17:25:28: [SM] Exception reported: Attribute name 'critical nullify rating' is invalid
L 08/16/2024 - 17:25:28: [SM] Blaming: tf2attributes.smx
L 08/16/2024 - 17:25:28: [SM] Call stack trace:
L 08/16/2024 - 17:25:28: [SM]   [0] ThrowNativeError
L 08/16/2024 - 17:25:28: [SM]   [1] Line 546, scripting/tf2attributes.sp::Native_SetAttrib
L 08/16/2024 - 17:25:28: [SM]   [3] TF2Attrib_SetByName
L 08/16/2024 - 17:25:28: [SM]   [4] Line 144, IncrementalFortress/Functions.sp::UpdateItemStats
L 08/16/2024 - 17:25:28: [SM]   [5] Line 74, IncrementalFortress/Functions.sp::PurchaseUpgrade
L 08/16/2024 - 17:25:28: [SM]   [6] Line 36, IncrementalFortress/MenuBackend.sp::MenuHandler_UpgradeChoice
L 08/16/2024 - 17:35:47: [SM] Unable to load extension "tf2econdynamic.ext": /home/davidn/Documents/Servers/IncrementalFortressTest/tf/addons/sourcemod/extensions/tf2econdynamic.ext.so: cannot open shared object file: No such file or directory
L 08/16/2024 - 17:36:03: SourceMod error session started
L 08/16/2024 - 17:36:03: Info (map "cp_coldfront") (file "/home/davidn/Documents/Servers/IncrementalFortressTest/tf/addons/sourcemod/logs/errors_20240816.log")
L 08/16/2024 - 17:36:03: [SM] Unable to load extension "tf2econdynamic.ext": /home/davidn/Documents/Servers/IncrementalFortressTest/tf/addons/sourcemod/extensions/tf2econdynamic.ext.so: cannot open shared object file: No such file or directory
L 08/16/2024 - 17:36:03: [SM] Unable to load plugin "IncrementalFortress.smx": Required extension "TF2 Econ Dynamic" file("tf2econdynamic.ext") not running
L 08/16/2024 - 18:09:11: SourceMod error session started
L 08/16/2024 - 18:09:11: Info (map "cp_egypt_final") (file "/home/davidn/Documents/Servers/IncrementalFortressTest/tf/addons/sourcemod/logs/errors_20240816.log")
L 08/16/2024 - 18:09:11: [SM] Exception reported: Array index out-of-bounds (index -1, limit 800)
L 08/16/2024 - 18:09:11: [SM] Blaming: IncrementalFortress.smx
L 08/16/2024 - 18:09:11: [SM] Call stack trace:
L 08/16/2024 - 18:09:11: [SM]   [1] Line 36, IncrementalFortress/Functions.sp::ResetUpgradesForSlot
L 08/16/2024 - 18:09:11: [SM]   [2] Line 8, IncrementalFortress/Events.sp::Event_InventoryRefresh
L 08/16/2024 - 19:52:50: SourceMod error session started
L 08/16/2024 - 19:52:50: Info (map "pl_upward") (file "/home/davidn/Documents/Servers/IncrementalFortressTest/tf/addons/sourcemod/logs/errors_20240816.log")
L 08/16/2024 - 19:52:50: [SM] Exception reported: Attribute name 'critical rating' is invalid
L 08/16/2024 - 19:52:50: [SM] Blaming: tf2attributes.smx
L 08/16/2024 - 19:52:50: [SM] Call stack trace:
L 08/16/2024 - 19:52:50: [SM]   [0] ThrowNativeError
L 08/16/2024 - 19:52:50: [SM]   [1] Line 546, scripting/tf2attributes.sp::Native_SetAttrib
L 08/16/2024 - 19:52:50: [SM]   [3] TF2Attrib_SetByName
L 08/16/2024 - 19:52:50: [SM]   [4] Line 154, IncrementalFortress/Functions.sp::UpdateItemStats
L 08/16/2024 - 19:52:50: [SM]   [5] Line 84, IncrementalFortress/Functions.sp::PurchaseUpgrade
L 08/16/2024 - 19:52:50: [SM]   [6] Line 36, IncrementalFortress/MenuBackend.sp::MenuHandler_UpgradeChoice
L 08/16/2024 - 19:52:54: [SM] Exception reported: Attribute name 'critical rating' is invalid
L 08/16/2024 - 19:52:54: [SM] Blaming: tf2attributes.smx
L 08/16/2024 - 19:52:54: [SM] Call stack trace:
L 08/16/2024 - 19:52:54: [SM]   [0] ThrowNativeError
L 08/16/2024 - 19:52:54: [SM]   [1] Line 546, scripting/tf2attributes.sp::Native_SetAttrib
L 08/16/2024 - 19:52:54: [SM]   [3] TF2Attrib_SetByName
L 08/16/2024 - 19:52:54: [SM]   [4] Line 154, IncrementalFortress/Functions.sp::UpdateItemStats
L 08/16/2024 - 19:52:54: [SM]   [5] Line 84, IncrementalFortress/Functions.sp::PurchaseUpgrade
L 08/16/2024 - 19:52:54: [SM]   [6] Line 36, IncrementalFortress/MenuBackend.sp::MenuHandler_UpgradeChoice
L 08/16/2024 - 20:18:01: [SM] Exception reported: Attribute name 'critical rating' is invalid
L 08/16/2024 - 20:18:01: [SM] Blaming: tf2attributes.smx
L 08/16/2024 - 20:18:01: [SM] Call stack trace:
L 08/16/2024 - 20:18:01: [SM]   [0] ThrowNativeError
L 08/16/2024 - 20:18:01: [SM]   [1] Line 546, scripting/tf2attributes.sp::Native_SetAttrib
L 08/16/2024 - 20:18:01: [SM]   [3] TF2Attrib_SetByName
L 08/16/2024 - 20:18:01: [SM]   [4] Line 154, IncrementalFortress/Functions.sp::UpdateItemStats
L 08/16/2024 - 20:18:01: [SM]   [5] Line 84, IncrementalFortress/Functions.sp::PurchaseUpgrade
L 08/16/2024 - 20:18:01: [SM]   [6] Line 36, IncrementalFortress/MenuBackend.sp::MenuHandler_UpgradeChoice
L 08/16/2024 - 20:20:22: [SM] Exception reported: Attribute name 'critical rating' is invalid
L 08/16/2024 - 20:20:22: [SM] Blaming: tf2attributes.smx
L 08/16/2024 - 20:20:22: [SM] Call stack trace:
L 08/16/2024 - 20:20:22: [SM]   [0] ThrowNativeError
L 08/16/2024 - 20:20:22: [SM]   [1] Line 546, scripting/tf2attributes.sp::Native_SetAttrib
L 08/16/2024 - 20:20:22: [SM]   [3] TF2Attrib_SetByName
L 08/16/2024 - 20:20:22: [SM]   [4] Line 154, IncrementalFortress/Functions.sp::UpdateItemStats
L 08/16/2024 - 20:20:22: [SM]   [5] Line 84, IncrementalFortress/Functions.sp::PurchaseUpgrade
L 08/16/2024 - 20:20:22: [SM]   [6] Line 36, IncrementalFortress/MenuBackend.sp::MenuHandler_UpgradeChoice
L 08/16/2024 - 20:21:03: [SM] Exception reported: Attribute name 'critical rating' is invalid
L 08/16/2024 - 20:21:03: [SM] Blaming: tf2attributes.smx
L 08/16/2024 - 20:21:03: [SM] Call stack trace:
L 08/16/2024 - 20:21:03: [SM]   [0] ThrowNativeError
L 08/16/2024 - 20:21:03: [SM]   [1] Line 546, scripting/tf2attributes.sp::Native_SetAttrib
L 08/16/2024 - 20:21:03: [SM]   [3] TF2Attrib_SetByName
L 08/16/2024 - 20:21:03: [SM]   [4] Line 154, IncrementalFortress/Functions.sp::UpdateItemStats
L 08/16/2024 - 20:21:03: [SM]   [5] Line 84, IncrementalFortress/Functions.sp::PurchaseUpgrade
L 08/16/2024 - 20:21:03: [SM]   [6] Line 36, IncrementalFortress/MenuBackend.sp::MenuHandler_UpgradeChoice
L 08/16/2024 - 20:23:21: [SM] Exception reported: Attribute name 'critical rating' is invalid
L 08/16/2024 - 20:23:21: [SM] Blaming: tf2attributes.smx
L 08/16/2024 - 20:23:21: [SM] Call stack trace:
L 08/16/2024 - 20:23:21: [SM]   [0] ThrowNativeError
L 08/16/2024 - 20:23:21: [SM]   [1] Line 546, scripting/tf2attributes.sp::Native_SetAttrib
L 08/16/2024 - 20:23:21: [SM]   [3] TF2Attrib_SetByName
L 08/16/2024 - 20:23:21: [SM]   [4] Line 154, IncrementalFortress/Functions.sp::UpdateItemStats
L 08/16/2024 - 20:23:21: [SM]   [5] Line 84, IncrementalFortress/Functions.sp::PurchaseUpgrade
L 08/16/2024 - 20:23:21: [SM]   [6] Line 36, IncrementalFortress/MenuBackend.sp::MenuHandler_UpgradeChoice
L 08/16/2024 - 20:24:02: SourceMod error session started
L 08/16/2024 - 20:24:02: Info (map "sd_doomsday") (file "/home/davidn/Documents/Servers/IncrementalFortressTest/tf/addons/sourcemod/logs/errors_20240816.log")
L 08/16/2024 - 20:24:02: [SM] Exception reported: Attribute name 'critical rating' is invalid
L 08/16/2024 - 20:24:02: [SM] Blaming: tf2attributes.smx
L 08/16/2024 - 20:24:02: [SM] Call stack trace:
L 08/16/2024 - 20:24:02: [SM]   [0] ThrowNativeError
L 08/16/2024 - 20:24:02: [SM]   [1] Line 546, scripting/tf2attributes.sp::Native_SetAttrib
L 08/16/2024 - 20:24:02: [SM]   [3] TF2Attrib_SetByName
L 08/16/2024 - 20:24:02: [SM]   [4] Line 154, IncrementalFortress/Functions.sp::UpdateItemStats
L 08/16/2024 - 20:24:02: [SM]   [5] Line 84, IncrementalFortress/Functions.sp::PurchaseUpgrade
L 08/16/2024 - 20:24:02: [SM]   [6] Line 36, IncrementalFortress/MenuBackend.sp::MenuHandler_UpgradeChoice
L 08/16/2024 - 20:28:14: [SM] Exception reported: Attribute name 'critical rating' is invalid
L 08/16/2024 - 20:28:14: [SM] Blaming: tf2attributes.smx
L 08/16/2024 - 20:28:14: [SM] Call stack trace:
L 08/16/2024 - 20:28:14: [SM]   [0] ThrowNativeError
L 08/16/2024 - 20:28:14: [SM]   [1] Line 546, scripting/tf2attributes.sp::Native_SetAttrib
L 08/16/2024 - 20:28:14: [SM]   [3] TF2Attrib_SetByName
L 08/16/2024 - 20:28:14: [SM]   [4] Line 154, IncrementalFortress/Functions.sp::UpdateItemStats
L 08/16/2024 - 20:28:14: [SM]   [5] Line 84, IncrementalFortress/Functions.sp::PurchaseUpgrade
L 08/16/2024 - 20:28:14: [SM]   [6] Line 36, IncrementalFortress/MenuBackend.sp::MenuHandler_UpgradeChoice
L 08/16/2024 - 21:31:12: SourceMod error session started
L 08/16/2024 - 21:31:12: Info (map "pl_frontier_final") (file "/home/davidn/Documents/Servers/IncrementalFortressTest/tf/addons/sourcemod/logs/errors_20240816.log")
L 08/16/2024 - 21:31:12: [SM] Unable to load extension "sigsegv.ext": /home/davidn/Documents/Servers/IncrementalFortressTest/tf/addons/sourcemod/extensions/sigsegv.ext.so: cannot open shared object file: No such file or directory
L 08/16/2024 - 21:32:56: SourceMod error session started
L 08/16/2024 - 21:32:56: Info (map "cp_granary") (file "/home/davidn/Documents/Servers/IncrementalFortressTest/tf/addons/sourcemod/logs/errors_20240816.log")
L 08/16/2024 - 21:32:56: [SM] Unable to load extension "sigsegv-optimize-only.ext": /home/davidn/Documents/Servers/IncrementalFortressTest/tf/addons/sourcemod/extensions/sigsegv-optimize-only.ext.so: cannot open shared object file: No such file or directory
L 08/16/2024 - 21:33:24: SourceMod error session started
L 08/16/2024 - 21:33:24: Info (map "pl_barnblitz") (file "/home/davidn/Documents/Servers/IncrementalFortressTest/tf/addons/sourcemod/logs/errors_20240816.log")
L 08/16/2024 - 21:33:24: [SM] Unable to load extension "sigsegv-optimize-only.ext": /home/davidn/Documents/Servers/IncrementalFortressTest/tf/addons/sourcemod/extensions/sigsegv-optimize-only.ext.so: cannot open shared object file: No such file or directory
L 08/16/2024 - 21:42:11: SourceMod error session started
L 08/16/2024 - 21:42:11: Info (map "cp_process_final") (file "/home/davidn/Documents/Servers/IncrementalFortressTest/tf/addons/sourcemod/logs/errors_20240816.log")
L 08/16/2024 - 21:42:11: [SM] Unable to load extension "sigsegv-optimize-only.ext": /home/davidn/Documents/Servers/IncrementalFortressTest/tf/addons/sourcemod/extensions/sigsegv-optimize-only.ext.so: cannot open shared object file: No such file or directory
L 08/16/2024 - 21:42:53: SourceMod error session started
L 08/16/2024 - 21:42:53: Info (map "cp_gullywash_final1") (file "/home/davidn/Documents/Servers/IncrementalFortressTest/tf/addons/sourcemod/logs/errors_20240816.log")
L 08/16/2024 - 21:42:53: [SM] Unable to load extension "sigsegv-optimize-only.ext": /home/davidn/Documents/Servers/IncrementalFortressTest/tf/addons/sourcemod/extensions/sigsegv-optimize-only.ext.so: cannot open shared object file: No such file or directory
L 08/16/2024 - 21:43:37: SourceMod error session started
L 08/16/2024 - 21:43:37: Info (map "cp_standin_final") (file "/home/davidn/Documents/Servers/IncrementalFortressTest/tf/addons/sourcemod/logs/errors_20240816.log")
L 08/16/2024 - 21:43:37: [SM] Unable to load extension "sigsegv-optimize-only.ext": /home/davidn/Documents/Servers/IncrementalFortressTest/tf/addons/sourcemod/extensions/sigsegv-optimize-only.ext.so: cannot open shared object file: No such file or directory
L 08/16/2024 - 21:44:10: SourceMod error session started
L 08/16/2024 - 21:44:10: Info (map "ctf_doublecross") (file "/home/davidn/Documents/Servers/IncrementalFortressTest/tf/addons/sourcemod/logs/errors_20240816.log")
L 08/16/2024 - 21:44:10: [SM] Unable to load extension "sigsegv-optimize-only.ext": /home/davidn/Documents/Servers/IncrementalFortressTest/tf/addons/sourcemod/extensions/sigsegv-optimize-only.ext.so: cannot open shared object file: No such file or directory
L 08/16/2024 - 21:45:15: SourceMod error session started
L 08/16/2024 - 21:45:15: Info (map "cp_process_final") (file "/home/davidn/Documents/Servers/IncrementalFortressTest/tf/addons/sourcemod/logs/errors_20240816.log")
L 08/16/2024 - 21:45:15: [SM] Unable to load extension "sigsegv-optimize-only.ext": /home/davidn/Documents/Servers/IncrementalFortressTest/tf/addons/sourcemod/extensions/sigsegv-optimize-only.ext.so: cannot open shared object file: No such file or directory
L 08/16/2024 - 21:47:27: SourceMod error session started
L 08/16/2024 - 21:47:27: Info (map "pl_thundermountain") (file "/home/davidn/Documents/Servers/IncrementalFortressTest/tf/addons/sourcemod/logs/errors_20240816.log")
L 08/16/2024 - 21:47:27: [SM] Unable to load extension "sigsegv-optimize-only.ext": /home/davidn/Documents/Servers/IncrementalFortressTest/tf/addons/sourcemod/extensions/sigsegv-optimize-only.ext.so: cannot open shared object file: No such file or directory
L 08/16/2024 - 21:50:12: SourceMod error session started
L 08/16/2024 - 21:50:12: Info (map "cp_metalworks") (file "/home/davidn/Documents/Servers/IncrementalFortressTest/tf/addons/sourcemod/logs/errors_20240816.log")
L 08/16/2024 - 21:50:12: [SM] Unable to load extension "sigsegv.ext": /home/davidn/Documents/Servers/IncrementalFortressTest/tf/addons/sourcemod/extensions/sigsegv.ext.so: cannot open shared object file: No such file or directory
L 08/16/2024 - 21:50:12: [SM] Unable to load extension "sigsegv-optimize-only.ext": /home/davidn/Documents/Servers/IncrementalFortressTest/tf/addons/sourcemod/extensions/sigsegv-optimize-only.ext.so: cannot open shared object file: No such file or directory
