L 08/17/2024 - 13:21:44: SourceMod error session started
L 08/17/2024 - 13:21:44: Info (map "cp_coldfront") (file "/home/davidn/Documents/Servers/IncrementalFortressTest/tf/addons/sourcemod/logs/errors_20240817.log")
L 08/17/2024 - 13:21:44: [SM] Unable to load extension "sigsegv.ext": /home/davidn/Documents/Servers/IncrementalFortressTest/tf/addons/sourcemod/extensions/sigsegv.ext.so: cannot open shared object file: No such file or directory
L 08/17/2024 - 13:21:44: [SM] Unable to load extension "sigsegv-optimize-only.ext": /home/davidn/Documents/Servers/IncrementalFortressTest/tf/addons/sourcemod/extensions/sigsegv-optimize-only.ext.so: cannot open shared object file: No such file or directory
L 08/17/2024 - 13:36:49: [SM] Exception reported: Language phrase "Critical Nullify Rating" not found (arg 5)
L 08/17/2024 - 13:36:49: [SM] Blaming: IncrementalFortress.smx
L 08/17/2024 - 13:36:49: [SM] Call stack trace:
L 08/17/2024 - 13:36:49: [SM]   [0] Format
L 08/17/2024 - 13:36:49: [SM]   [1] Line 152, IncrementalFortress/ConfigSystem.sp::LoadAttributes
L 08/17/2024 - 13:36:49: [SM]   [2] Line 100, IncrementalFortress/ConfigSystem.sp::LoadAttributes
L 08/17/2024 - 13:36:49: [SM]   [3] Line 100, IncrementalFortress/ConfigSystem.sp::LoadAttributes
L 08/17/2024 - 13:36:49: [SM]   [4] Line 100, IncrementalFortress/ConfigSystem.sp::LoadAttributes
L 08/17/2024 - 13:36:49: [SM]   [5] Line 44, IncrementalFortress/ConfigSystem.sp::LoadConfigurationFiles
L 08/17/2024 - 13:36:49: [SM]   [6] Line 2, IncrementalFortress/OnPluginStart.sp::OnPluginStart
L 08/17/2024 - 14:40:37: SourceMod error session started
L 08/17/2024 - 14:40:37: Info (map "cp_badlands") (file "/home/davidn/Documents/Servers/IncrementalFortressTest/tf/addons/sourcemod/logs/errors_20240817.log")
L 08/17/2024 - 14:40:37: [SM] Unable to load extension "sigsegv.ext": /home/davidn/Documents/Servers/IncrementalFortressTest/tf/addons/sourcemod/extensions/sigsegv.ext.so: cannot open shared object file: No such file or directory
L 08/17/2024 - 14:40:37: [SM] Unable to load extension "sigsegv-optimize-only.ext": /home/davidn/Documents/Servers/IncrementalFortressTest/tf/addons/sourcemod/extensions/sigsegv-optimize-only.ext.so: cannot open shared object file: No such file or directory
L 08/17/2024 - 18:58:46: SourceMod error session started
L 08/17/2024 - 18:58:46: Info (map "pl_goldrush") (file "/home/davidn/Documents/Servers/IncrementalFortressTest/tf/addons/sourcemod/logs/errors_20240817.log")
L 08/17/2024 - 18:58:46: [SM] Unable to load extension "sigsegv.ext": /home/davidn/Documents/Servers/IncrementalFortressTest/tf/addons/sourcemod/extensions/sigsegv.ext.so: cannot open shared object file: No such file or directory
L 08/17/2024 - 18:58:46: [SM] Unable to load extension "sigsegv-optimize-only.ext": /home/davidn/Documents/Servers/IncrementalFortressTest/tf/addons/sourcemod/extensions/sigsegv-optimize-only.ext.so: cannot open shared object file: No such file or directory
