L 08/14/2024 - 19:02:24: SourceMod log file session started (file "/home/davidn/Documents/Servers/IncrementalFortressTest/tf/addons/sourcemod/logs/L20240814.log") (Version "1.11.0.6968")
L 08/14/2024 - 19:02:24: [funcommands.smx] "Divine Intellect<2><[U:1:1314738567]><>" toggled noclip on "Divine Intellect<2><[U:1:1314738567]><>"
L 08/14/2024 - 19:02:26: [funcommands.smx] "Divine Intellect<2><[U:1:1314738567]><>" toggled noclip on "Divine Intellect<2><[U:1:1314738567]><>"
L 08/14/2024 - 19:02:26: [funcommands.smx] "Divine Intellect<2><[U:1:1314738567]><>" toggled noclip on "Divine Intellect<2><[U:1:1314738567]><>"
L 08/14/2024 - 19:02:27: [funcommands.smx] "Divine Intellect<2><[U:1:1314738567]><>" toggled noclip on "Divine Intellect<2><[U:1:1314738567]><>"
L 08/14/2024 - 19:02:27: [funcommands.smx] "Divine Intellect<2><[U:1:1314738567]><>" toggled noclip on "Divine Intellect<2><[U:1:1314738567]><>"
L 08/14/2024 - 19:02:29: [funcommands.smx] "Divine Intellect<2><[U:1:1314738567]><>" toggled noclip on "Divine Intellect<2><[U:1:1314738567]><>"
L 08/14/2024 - 19:02:37: [funcommands.smx] "Divine Intellect<2><[U:1:1314738567]><>" set a FireBomb on "Divine Intellect<2><[U:1:1314738567]><>"
L 08/14/2024 - 19:02:40: [funcommands.smx] "Divine Intellect<2><[U:1:1314738567]><>" removed a FireBomb on "Divine Intellect<2><[U:1:1314738567]><>"
L 08/14/2024 - 19:02:44: [funcommands.smx] "Divine Intellect<2><[U:1:1314738567]><>" set a FreezeBomb on "Divine Intellect<2><[U:1:1314738567]><>"
L 08/14/2024 - 19:03:17: [playercommands.smx] "Divine Intellect<2><[U:1:1314738567]><>" slapped "Divine Intellect<2><[U:1:1314738567]><>" (damage "0")
L 08/14/2024 - 19:03:18: [playercommands.smx] "Divine Intellect<2><[U:1:1314738567]><>" slapped "Divine Intellect<2><[U:1:1314738567]><>" (damage "0")
L 08/14/2024 - 19:03:18: [playercommands.smx] "Divine Intellect<2><[U:1:1314738567]><>" slapped "Divine Intellect<2><[U:1:1314738567]><>" (damage "0")
L 08/14/2024 - 19:03:18: [playercommands.smx] "Divine Intellect<2><[U:1:1314738567]><>" slapped "Divine Intellect<2><[U:1:1314738567]><>" (damage "0")
L 08/14/2024 - 19:03:18: [playercommands.smx] "Divine Intellect<2><[U:1:1314738567]><>" slapped "Divine Intellect<2><[U:1:1314738567]><>" (damage "0")
L 08/14/2024 - 19:03:18: [playercommands.smx] "Divine Intellect<2><[U:1:1314738567]><>" slapped "Divine Intellect<2><[U:1:1314738567]><>" (damage "0")
L 08/14/2024 - 19:03:21: [playercommands.smx] "Divine Intellect<2><[U:1:1314738567]><>" slapped "Divine Intellect<2><[U:1:1314738567]><>" (damage "0")
L 08/14/2024 - 19:03:21: [playercommands.smx] "Divine Intellect<2><[U:1:1314738567]><>" slapped "Divine Intellect<2><[U:1:1314738567]><>" (damage "0")
L 08/14/2024 - 19:03:21: [playercommands.smx] "Divine Intellect<2><[U:1:1314738567]><>" slapped "Divine Intellect<2><[U:1:1314738567]><>" (damage "0")
L 08/14/2024 - 19:03:21: [playercommands.smx] "Divine Intellect<2><[U:1:1314738567]><>" slapped "Divine Intellect<2><[U:1:1314738567]><>" (damage "0")
L 08/14/2024 - 19:03:21: [playercommands.smx] "Divine Intellect<2><[U:1:1314738567]><>" slapped "Divine Intellect<2><[U:1:1314738567]><>" (damage "0")
L 08/14/2024 - 19:03:21: [playercommands.smx] "Divine Intellect<2><[U:1:1314738567]><>" slapped "Divine Intellect<2><[U:1:1314738567]><>" (damage "0")
L 08/14/2024 - 19:03:23: [playercommands.smx] "Divine Intellect<2><[U:1:1314738567]><>" slapped "Divine Intellect<2><[U:1:1314738567]><>" (damage "0")
L 08/14/2024 - 19:03:23: [playercommands.smx] "Divine Intellect<2><[U:1:1314738567]><>" slapped "Divine Intellect<2><[U:1:1314738567]><>" (damage "0")
L 08/14/2024 - 19:03:23: [playercommands.smx] "Divine Intellect<2><[U:1:1314738567]><>" slapped "Divine Intellect<2><[U:1:1314738567]><>" (damage "0")
L 08/14/2024 - 19:03:23: [playercommands.smx] "Divine Intellect<2><[U:1:1314738567]><>" slapped "Divine Intellect<2><[U:1:1314738567]><>" (damage "0")
L 08/14/2024 - 19:03:23: [playercommands.smx] "Divine Intellect<2><[U:1:1314738567]><>" slapped "Divine Intellect<2><[U:1:1314738567]><>" (damage "0")
L 08/14/2024 - 19:03:23: [playercommands.smx] "Divine Intellect<2><[U:1:1314738567]><>" slapped "Divine Intellect<2><[U:1:1314738567]><>" (damage "0")
L 08/14/2024 - 19:03:24: [playercommands.smx] "Divine Intellect<2><[U:1:1314738567]><>" slapped "Divine Intellect<2><[U:1:1314738567]><>" (damage "0")
L 08/14/2024 - 19:03:24: [playercommands.smx] "Divine Intellect<2><[U:1:1314738567]><>" slapped "Divine Intellect<2><[U:1:1314738567]><>" (damage "0")
L 08/14/2024 - 19:03:24: [playercommands.smx] "Divine Intellect<2><[U:1:1314738567]><>" slapped "Divine Intellect<2><[U:1:1314738567]><>" (damage "0")
L 08/14/2024 - 19:03:26: [playercommands.smx] "Divine Intellect<2><[U:1:1314738567]><>" slapped "Divine Intellect<2><[U:1:1314738567]><>" (damage "0")
L 08/14/2024 - 19:03:26: [playercommands.smx] "Divine Intellect<2><[U:1:1314738567]><>" slapped "Divine Intellect<2><[U:1:1314738567]><>" (damage "0")
L 08/14/2024 - 19:03:27: [playercommands.smx] "Divine Intellect<2><[U:1:1314738567]><>" slapped "Divine Intellect<2><[U:1:1314738567]><>" (damage "0")
L 08/14/2024 - 19:03:27: [playercommands.smx] "Divine Intellect<2><[U:1:1314738567]><>" slapped "Divine Intellect<2><[U:1:1314738567]><>" (damage "0")
L 08/14/2024 - 19:03:27: [playercommands.smx] "Divine Intellect<2><[U:1:1314738567]><>" slapped "Divine Intellect<2><[U:1:1314738567]><>" (damage "0")
L 08/14/2024 - 19:03:27: [playercommands.smx] "Divine Intellect<2><[U:1:1314738567]><>" slapped "Divine Intellect<2><[U:1:1314738567]><>" (damage "0")
L 08/14/2024 - 19:03:27: [playercommands.smx] "Divine Intellect<2><[U:1:1314738567]><>" slapped "Divine Intellect<2><[U:1:1314738567]><>" (damage "0")
L 08/14/2024 - 19:03:27: [playercommands.smx] "Divine Intellect<2><[U:1:1314738567]><>" slapped "Divine Intellect<2><[U:1:1314738567]><>" (damage "0")
L 08/14/2024 - 19:03:27: [playercommands.smx] "Divine Intellect<2><[U:1:1314738567]><>" slapped "Divine Intellect<2><[U:1:1314738567]><>" (damage "0")
L 08/14/2024 - 19:03:28: [playercommands.smx] "Divine Intellect<2><[U:1:1314738567]><>" slapped "Divine Intellect<2><[U:1:1314738567]><>" (damage "0")
L 08/14/2024 - 19:03:28: [playercommands.smx] "Divine Intellect<2><[U:1:1314738567]><>" slapped "Divine Intellect<2><[U:1:1314738567]><>" (damage "0")
L 08/14/2024 - 19:03:28: [playercommands.smx] "Divine Intellect<2><[U:1:1314738567]><>" slapped "Divine Intellect<2><[U:1:1314738567]><>" (damage "0")
L 08/14/2024 - 19:03:30: [playercommands.smx] "Divine Intellect<2><[U:1:1314738567]><>" slapped "Divine Intellect<2><[U:1:1314738567]><>" (damage "0")
L 08/14/2024 - 19:03:30: [playercommands.smx] "Divine Intellect<2><[U:1:1314738567]><>" slapped "Divine Intellect<2><[U:1:1314738567]><>" (damage "0")
L 08/14/2024 - 19:03:30: [playercommands.smx] "Divine Intellect<2><[U:1:1314738567]><>" slapped "Divine Intellect<2><[U:1:1314738567]><>" (damage "0")
L 08/14/2024 - 19:03:31: [playercommands.smx] "Divine Intellect<2><[U:1:1314738567]><>" slapped "Divine Intellect<2><[U:1:1314738567]><>" (damage "0")
L 08/14/2024 - 19:03:31: [playercommands.smx] "Divine Intellect<2><[U:1:1314738567]><>" slapped "Divine Intellect<2><[U:1:1314738567]><>" (damage "0")
L 08/14/2024 - 19:03:31: [playercommands.smx] "Divine Intellect<2><[U:1:1314738567]><>" slapped "Divine Intellect<2><[U:1:1314738567]><>" (damage "0")
L 08/14/2024 - 19:03:31: [playercommands.smx] "Divine Intellect<2><[U:1:1314738567]><>" slapped "Divine Intellect<2><[U:1:1314738567]><>" (damage "0")
L 08/14/2024 - 19:03:33: [playercommands.smx] "Divine Intellect<2><[U:1:1314738567]><>" slapped "Divine Intellect<2><[U:1:1314738567]><>" (damage "0")
L 08/14/2024 - 19:03:34: [playercommands.smx] "Divine Intellect<2><[U:1:1314738567]><>" slapped "Divine Intellect<2><[U:1:1314738567]><>" (damage "0")
L 08/14/2024 - 19:03:34: [playercommands.smx] "Divine Intellect<2><[U:1:1314738567]><>" slapped "Divine Intellect<2><[U:1:1314738567]><>" (damage "0")
L 08/14/2024 - 19:03:34: [playercommands.smx] "Divine Intellect<2><[U:1:1314738567]><>" slapped "Divine Intellect<2><[U:1:1314738567]><>" (damage "0")
L 08/14/2024 - 19:03:34: [playercommands.smx] "Divine Intellect<2><[U:1:1314738567]><>" slapped "Divine Intellect<2><[U:1:1314738567]><>" (damage "0")
L 08/14/2024 - 19:03:34: [playercommands.smx] "Divine Intellect<2><[U:1:1314738567]><>" slapped "Divine Intellect<2><[U:1:1314738567]><>" (damage "0")
L 08/14/2024 - 19:03:34: [playercommands.smx] "Divine Intellect<2><[U:1:1314738567]><>" slapped "Divine Intellect<2><[U:1:1314738567]><>" (damage "0")
L 08/14/2024 - 19:03:34: [playercommands.smx] "Divine Intellect<2><[U:1:1314738567]><>" slapped "Divine Intellect<2><[U:1:1314738567]><>" (damage "0")
L 08/14/2024 - 19:03:35: [playercommands.smx] "Divine Intellect<2><[U:1:1314738567]><>" slapped "Divine Intellect<2><[U:1:1314738567]><>" (damage "0")
L 08/14/2024 - 19:03:37: [playercommands.smx] "Divine Intellect<2><[U:1:1314738567]><>" slapped "Divine Intellect<2><[U:1:1314738567]><>" (damage "0")
L 08/14/2024 - 19:03:37: [playercommands.smx] "Divine Intellect<2><[U:1:1314738567]><>" slapped "Divine Intellect<2><[U:1:1314738567]><>" (damage "0")
L 08/14/2024 - 19:03:38: [playercommands.smx] "Divine Intellect<2><[U:1:1314738567]><>" slapped "Divine Intellect<2><[U:1:1314738567]><>" (damage "0")
L 08/14/2024 - 19:03:38: [playercommands.smx] "Divine Intellect<2><[U:1:1314738567]><>" slapped "Divine Intellect<2><[U:1:1314738567]><>" (damage "0")
L 08/14/2024 - 19:03:38: [playercommands.smx] "Divine Intellect<2><[U:1:1314738567]><>" slapped "Divine Intellect<2><[U:1:1314738567]><>" (damage "0")
L 08/14/2024 - 19:03:38: [playercommands.smx] "Divine Intellect<2><[U:1:1314738567]><>" slapped "Divine Intellect<2><[U:1:1314738567]><>" (damage "0")
L 08/14/2024 - 19:03:38: [playercommands.smx] "Divine Intellect<2><[U:1:1314738567]><>" slapped "Divine Intellect<2><[U:1:1314738567]><>" (damage "0")
L 08/14/2024 - 19:03:38: [playercommands.smx] "Divine Intellect<2><[U:1:1314738567]><>" slapped "Divine Intellect<2><[U:1:1314738567]><>" (damage "0")
L 08/14/2024 - 19:03:40: [playercommands.smx] "Divine Intellect<2><[U:1:1314738567]><>" slapped "Divine Intellect<2><[U:1:1314738567]><>" (damage "0")
L 08/14/2024 - 19:03:40: [playercommands.smx] "Divine Intellect<2><[U:1:1314738567]><>" slapped "Divine Intellect<2><[U:1:1314738567]><>" (damage "0")
L 08/14/2024 - 19:03:40: [playercommands.smx] "Divine Intellect<2><[U:1:1314738567]><>" slapped "Divine Intellect<2><[U:1:1314738567]><>" (damage "0")
L 08/14/2024 - 19:03:40: [playercommands.smx] "Divine Intellect<2><[U:1:1314738567]><>" slapped "Divine Intellect<2><[U:1:1314738567]><>" (damage "0")
L 08/14/2024 - 19:03:40: [playercommands.smx] "Divine Intellect<2><[U:1:1314738567]><>" slapped "Divine Intellect<2><[U:1:1314738567]><>" (damage "0")
L 08/14/2024 - 19:03:40: [playercommands.smx] "Divine Intellect<2><[U:1:1314738567]><>" slapped "Divine Intellect<2><[U:1:1314738567]><>" (damage "0")
L 08/14/2024 - 19:03:40: [playercommands.smx] "Divine Intellect<2><[U:1:1314738567]><>" slapped "Divine Intellect<2><[U:1:1314738567]><>" (damage "0")
L 08/14/2024 - 19:03:43: [playercommands.smx] "Divine Intellect<2><[U:1:1314738567]><>" slapped "Divine Intellect<2><[U:1:1314738567]><>" (damage "0")
L 08/14/2024 - 19:03:43: [playercommands.smx] "Divine Intellect<2><[U:1:1314738567]><>" slapped "Divine Intellect<2><[U:1:1314738567]><>" (damage "0")
L 08/14/2024 - 19:03:43: [playercommands.smx] "Divine Intellect<2><[U:1:1314738567]><>" slapped "Divine Intellect<2><[U:1:1314738567]><>" (damage "0")
L 08/14/2024 - 19:03:43: [playercommands.smx] "Divine Intellect<2><[U:1:1314738567]><>" slapped "Divine Intellect<2><[U:1:1314738567]><>" (damage "0")
L 08/14/2024 - 19:03:43: [playercommands.smx] "Divine Intellect<2><[U:1:1314738567]><>" slapped "Divine Intellect<2><[U:1:1314738567]><>" (damage "0")
L 08/14/2024 - 19:03:43: [playercommands.smx] "Divine Intellect<2><[U:1:1314738567]><>" slapped "Divine Intellect<2><[U:1:1314738567]><>" (damage "0")
L 08/14/2024 - 19:03:44: [playercommands.smx] "Divine Intellect<2><[U:1:1314738567]><>" slapped "Divine Intellect<2><[U:1:1314738567]><>" (damage "0")
L 08/14/2024 - 19:03:44: [playercommands.smx] "Divine Intellect<2><[U:1:1314738567]><>" slapped "Divine Intellect<2><[U:1:1314738567]><>" (damage "0")
L 08/14/2024 - 19:03:44: [playercommands.smx] "Divine Intellect<2><[U:1:1314738567]><>" slapped "Divine Intellect<2><[U:1:1314738567]><>" (damage "0")
L 08/14/2024 - 19:03:44: [playercommands.smx] "Divine Intellect<2><[U:1:1314738567]><>" slapped "Divine Intellect<2><[U:1:1314738567]><>" (damage "0")
L 08/14/2024 - 19:03:44: [playercommands.smx] "Divine Intellect<2><[U:1:1314738567]><>" slapped "Divine Intellect<2><[U:1:1314738567]><>" (damage "0")
L 08/14/2024 - 19:03:44: [playercommands.smx] "Divine Intellect<2><[U:1:1314738567]><>" slapped "Divine Intellect<2><[U:1:1314738567]><>" (damage "0")
L 08/14/2024 - 19:03:45: [playercommands.smx] "Divine Intellect<2><[U:1:1314738567]><>" slapped "Divine Intellect<2><[U:1:1314738567]><>" (damage "0")
L 08/14/2024 - 19:03:45: [playercommands.smx] "Divine Intellect<2><[U:1:1314738567]><>" slapped "Divine Intellect<2><[U:1:1314738567]><>" (damage "0")
L 08/14/2024 - 19:03:45: [playercommands.smx] "Divine Intellect<2><[U:1:1314738567]><>" slapped "Divine Intellect<2><[U:1:1314738567]><>" (damage "0")
L 08/14/2024 - 19:03:45: [playercommands.smx] "Divine Intellect<2><[U:1:1314738567]><>" slapped "Divine Intellect<2><[U:1:1314738567]><>" (damage "0")
L 08/14/2024 - 19:03:46: [playercommands.smx] "Divine Intellect<2><[U:1:1314738567]><>" slapped "Divine Intellect<2><[U:1:1314738567]><>" (damage "0")
L 08/14/2024 - 19:03:46: [playercommands.smx] "Divine Intellect<2><[U:1:1314738567]><>" slapped "Divine Intellect<2><[U:1:1314738567]><>" (damage "0")
L 08/14/2024 - 19:03:46: [playercommands.smx] "Divine Intellect<2><[U:1:1314738567]><>" slapped "Divine Intellect<2><[U:1:1314738567]><>" (damage "0")
L 08/14/2024 - 19:03:46: [playercommands.smx] "Divine Intellect<2><[U:1:1314738567]><>" slapped "Divine Intellect<2><[U:1:1314738567]><>" (damage "0")
L 08/14/2024 - 19:03:46: [playercommands.smx] "Divine Intellect<2><[U:1:1314738567]><>" slapped "Divine Intellect<2><[U:1:1314738567]><>" (damage "0")
L 08/14/2024 - 19:03:47: [playercommands.smx] "Divine Intellect<2><[U:1:1314738567]><>" slapped "Divine Intellect<2><[U:1:1314738567]><>" (damage "0")
L 08/14/2024 - 19:03:47: [playercommands.smx] "Divine Intellect<2><[U:1:1314738567]><>" slapped "Divine Intellect<2><[U:1:1314738567]><>" (damage "0")
L 08/14/2024 - 19:03:47: [playercommands.smx] "Divine Intellect<2><[U:1:1314738567]><>" slapped "Divine Intellect<2><[U:1:1314738567]><>" (damage "0")
L 08/14/2024 - 19:03:47: [playercommands.smx] "Divine Intellect<2><[U:1:1314738567]><>" slapped "Divine Intellect<2><[U:1:1314738567]><>" (damage "0")
L 08/14/2024 - 19:03:47: [playercommands.smx] "Divine Intellect<2><[U:1:1314738567]><>" slapped "Divine Intellect<2><[U:1:1314738567]><>" (damage "0")
L 08/14/2024 - 19:03:48: [playercommands.smx] "Divine Intellect<2><[U:1:1314738567]><>" slapped "Divine Intellect<2><[U:1:1314738567]><>" (damage "0")
L 08/14/2024 - 19:03:48: [playercommands.smx] "Divine Intellect<2><[U:1:1314738567]><>" slapped "Divine Intellect<2><[U:1:1314738567]><>" (damage "0")
L 08/14/2024 - 19:03:48: [playercommands.smx] "Divine Intellect<2><[U:1:1314738567]><>" slapped "Divine Intellect<2><[U:1:1314738567]><>" (damage "0")
L 08/14/2024 - 19:03:48: [playercommands.smx] "Divine Intellect<2><[U:1:1314738567]><>" slapped "Divine Intellect<2><[U:1:1314738567]><>" (damage "0")
L 08/14/2024 - 19:03:49: [playercommands.smx] "Divine Intellect<2><[U:1:1314738567]><>" slapped "Divine Intellect<2><[U:1:1314738567]><>" (damage "0")
L 08/14/2024 - 19:03:49: [playercommands.smx] "Divine Intellect<2><[U:1:1314738567]><>" slapped "Divine Intellect<2><[U:1:1314738567]><>" (damage "0")
L 08/14/2024 - 19:03:49: [playercommands.smx] "Divine Intellect<2><[U:1:1314738567]><>" slapped "Divine Intellect<2><[U:1:1314738567]><>" (damage "0")
L 08/14/2024 - 19:03:49: [playercommands.smx] "Divine Intellect<2><[U:1:1314738567]><>" slapped "Divine Intellect<2><[U:1:1314738567]><>" (damage "0")
L 08/14/2024 - 19:03:49: [playercommands.smx] "Divine Intellect<2><[U:1:1314738567]><>" slapped "Divine Intellect<2><[U:1:1314738567]><>" (damage "0")
L 08/14/2024 - 19:03:49: [playercommands.smx] "Divine Intellect<2><[U:1:1314738567]><>" slapped "Divine Intellect<2><[U:1:1314738567]><>" (damage "0")
L 08/14/2024 - 19:03:50: [playercommands.smx] "Divine Intellect<2><[U:1:1314738567]><>" slapped "Divine Intellect<2><[U:1:1314738567]><>" (damage "0")
L 08/14/2024 - 19:03:50: [playercommands.smx] "Divine Intellect<2><[U:1:1314738567]><>" slapped "Divine Intellect<2><[U:1:1314738567]><>" (damage "0")
L 08/14/2024 - 19:03:50: [playercommands.smx] "Divine Intellect<2><[U:1:1314738567]><>" slapped "Divine Intellect<2><[U:1:1314738567]><>" (damage "0")
L 08/14/2024 - 19:03:50: [playercommands.smx] "Divine Intellect<2><[U:1:1314738567]><>" slapped "Divine Intellect<2><[U:1:1314738567]><>" (damage "0")
L 08/14/2024 - 19:03:51: [playercommands.smx] "Divine Intellect<2><[U:1:1314738567]><>" slapped "Divine Intellect<2><[U:1:1314738567]><>" (damage "0")
L 08/14/2024 - 19:03:51: [playercommands.smx] "Divine Intellect<2><[U:1:1314738567]><>" slapped "Divine Intellect<2><[U:1:1314738567]><>" (damage "0")
L 08/14/2024 - 19:03:51: [playercommands.smx] "Divine Intellect<2><[U:1:1314738567]><>" slapped "Divine Intellect<2><[U:1:1314738567]><>" (damage "0")
L 08/14/2024 - 19:03:51: [playercommands.smx] "Divine Intellect<2><[U:1:1314738567]><>" slapped "Divine Intellect<2><[U:1:1314738567]><>" (damage "0")
L 08/14/2024 - 19:03:51: [playercommands.smx] "Divine Intellect<2><[U:1:1314738567]><>" slapped "Divine Intellect<2><[U:1:1314738567]><>" (damage "0")
L 08/14/2024 - 19:03:51: [playercommands.smx] "Divine Intellect<2><[U:1:1314738567]><>" slapped "Divine Intellect<2><[U:1:1314738567]><>" (damage "0")
L 08/14/2024 - 19:03:52: [playercommands.smx] "Divine Intellect<2><[U:1:1314738567]><>" slapped "Divine Intellect<2><[U:1:1314738567]><>" (damage "0")
L 08/14/2024 - 19:03:52: [playercommands.smx] "Divine Intellect<2><[U:1:1314738567]><>" slapped "Divine Intellect<2><[U:1:1314738567]><>" (damage "0")
L 08/14/2024 - 19:03:52: [playercommands.smx] "Divine Intellect<2><[U:1:1314738567]><>" slapped "Divine Intellect<2><[U:1:1314738567]><>" (damage "0")
L 08/14/2024 - 19:03:53: [playercommands.smx] "Divine Intellect<2><[U:1:1314738567]><>" slapped "Divine Intellect<2><[U:1:1314738567]><>" (damage "0")
L 08/14/2024 - 19:03:53: [playercommands.smx] "Divine Intellect<2><[U:1:1314738567]><>" slapped "Divine Intellect<2><[U:1:1314738567]><>" (damage "0")
L 08/14/2024 - 19:03:53: [playercommands.smx] "Divine Intellect<2><[U:1:1314738567]><>" slapped "Divine Intellect<2><[U:1:1314738567]><>" (damage "0")
L 08/14/2024 - 19:03:53: [playercommands.smx] "Divine Intellect<2><[U:1:1314738567]><>" slapped "Divine Intellect<2><[U:1:1314738567]><>" (damage "0")
L 08/14/2024 - 19:03:53: [playercommands.smx] "Divine Intellect<2><[U:1:1314738567]><>" slapped "Divine Intellect<2><[U:1:1314738567]><>" (damage "0")
L 08/14/2024 - 19:03:53: [playercommands.smx] "Divine Intellect<2><[U:1:1314738567]><>" slapped "Divine Intellect<2><[U:1:1314738567]><>" (damage "0")
L 08/14/2024 - 19:03:54: [playercommands.smx] "Divine Intellect<2><[U:1:1314738567]><>" slapped "Divine Intellect<2><[U:1:1314738567]><>" (damage "0")
L 08/14/2024 - 19:03:55: [playercommands.smx] "Divine Intellect<2><[U:1:1314738567]><>" slapped "Divine Intellect<2><[U:1:1314738567]><>" (damage "0")
L 08/14/2024 - 19:03:55: [playercommands.smx] "Divine Intellect<2><[U:1:1314738567]><>" slapped "Divine Intellect<2><[U:1:1314738567]><>" (damage "0")
L 08/14/2024 - 19:03:55: [playercommands.smx] "Divine Intellect<2><[U:1:1314738567]><>" slapped "Divine Intellect<2><[U:1:1314738567]><>" (damage "0")
L 08/14/2024 - 19:03:55: [playercommands.smx] "Divine Intellect<2><[U:1:1314738567]><>" slapped "Divine Intellect<2><[U:1:1314738567]><>" (damage "0")
L 08/14/2024 - 19:03:55: [playercommands.smx] "Divine Intellect<2><[U:1:1314738567]><>" slapped "Divine Intellect<2><[U:1:1314738567]><>" (damage "0")
L 08/14/2024 - 19:03:55: [playercommands.smx] "Divine Intellect<2><[U:1:1314738567]><>" slapped "Divine Intellect<2><[U:1:1314738567]><>" (damage "0")
L 08/14/2024 - 19:03:56: [playercommands.smx] "Divine Intellect<2><[U:1:1314738567]><>" slapped "Divine Intellect<2><[U:1:1314738567]><>" (damage "0")
L 08/14/2024 - 19:03:56: [playercommands.smx] "Divine Intellect<2><[U:1:1314738567]><>" slapped "Divine Intellect<2><[U:1:1314738567]><>" (damage "0")
L 08/14/2024 - 19:03:56: [playercommands.smx] "Divine Intellect<2><[U:1:1314738567]><>" slapped "Divine Intellect<2><[U:1:1314738567]><>" (damage "0")
L 08/14/2024 - 19:03:56: [playercommands.smx] "Divine Intellect<2><[U:1:1314738567]><>" slapped "Divine Intellect<2><[U:1:1314738567]><>" (damage "0")
L 08/14/2024 - 19:03:56: [playercommands.smx] "Divine Intellect<2><[U:1:1314738567]><>" slapped "Divine Intellect<2><[U:1:1314738567]><>" (damage "0")
L 08/14/2024 - 19:03:56: [playercommands.smx] "Divine Intellect<2><[U:1:1314738567]><>" slapped "Divine Intellect<2><[U:1:1314738567]><>" (damage "0")
L 08/14/2024 - 19:03:57: [playercommands.smx] "Divine Intellect<2><[U:1:1314738567]><>" slapped "Divine Intellect<2><[U:1:1314738567]><>" (damage "0")
L 08/14/2024 - 19:03:57: [playercommands.smx] "Divine Intellect<2><[U:1:1314738567]><>" slapped "Divine Intellect<2><[U:1:1314738567]><>" (damage "0")
L 08/14/2024 - 19:03:58: [playercommands.smx] "Divine Intellect<2><[U:1:1314738567]><>" slapped "Divine Intellect<2><[U:1:1314738567]><>" (damage "0")
L 08/14/2024 - 19:03:58: [playercommands.smx] "Divine Intellect<2><[U:1:1314738567]><>" slapped "Divine Intellect<2><[U:1:1314738567]><>" (damage "0")
L 08/14/2024 - 19:03:58: [playercommands.smx] "Divine Intellect<2><[U:1:1314738567]><>" slapped "Divine Intellect<2><[U:1:1314738567]><>" (damage "0")
L 08/14/2024 - 19:03:58: [playercommands.smx] "Divine Intellect<2><[U:1:1314738567]><>" slapped "Divine Intellect<2><[U:1:1314738567]><>" (damage "0")
L 08/14/2024 - 19:03:58: [playercommands.smx] "Divine Intellect<2><[U:1:1314738567]><>" slapped "Divine Intellect<2><[U:1:1314738567]><>" (damage "0")
L 08/14/2024 - 19:03:58: [playercommands.smx] "Divine Intellect<2><[U:1:1314738567]><>" slapped "Divine Intellect<2><[U:1:1314738567]><>" (damage "0")
L 08/14/2024 - 19:03:59: [playercommands.smx] "Divine Intellect<2><[U:1:1314738567]><>" slapped "Divine Intellect<2><[U:1:1314738567]><>" (damage "0")
L 08/14/2024 - 19:03:59: [playercommands.smx] "Divine Intellect<2><[U:1:1314738567]><>" slapped "Divine Intellect<2><[U:1:1314738567]><>" (damage "0")
L 08/14/2024 - 19:03:59: [playercommands.smx] "Divine Intellect<2><[U:1:1314738567]><>" slapped "Divine Intellect<2><[U:1:1314738567]><>" (damage "0")
L 08/14/2024 - 19:03:59: [playercommands.smx] "Divine Intellect<2><[U:1:1314738567]><>" slapped "Divine Intellect<2><[U:1:1314738567]><>" (damage "0")
L 08/14/2024 - 19:04:00: [playercommands.smx] "Divine Intellect<2><[U:1:1314738567]><>" slapped "Divine Intellect<2><[U:1:1314738567]><>" (damage "0")
L 08/14/2024 - 19:04:00: [playercommands.smx] "Divine Intellect<2><[U:1:1314738567]><>" slapped "Divine Intellect<2><[U:1:1314738567]><>" (damage "0")
L 08/14/2024 - 19:04:00: [playercommands.smx] "Divine Intellect<2><[U:1:1314738567]><>" slapped "Divine Intellect<2><[U:1:1314738567]><>" (damage "0")
L 08/14/2024 - 19:04:00: [playercommands.smx] "Divine Intellect<2><[U:1:1314738567]><>" slapped "Divine Intellect<2><[U:1:1314738567]><>" (damage "0")
L 08/14/2024 - 19:04:01: [playercommands.smx] "Divine Intellect<2><[U:1:1314738567]><>" slapped "Divine Intellect<2><[U:1:1314738567]><>" (damage "0")
L 08/14/2024 - 19:04:01: [playercommands.smx] "Divine Intellect<2><[U:1:1314738567]><>" slapped "Divine Intellect<2><[U:1:1314738567]><>" (damage "0")
L 08/14/2024 - 19:04:01: [playercommands.smx] "Divine Intellect<2><[U:1:1314738567]><>" slapped "Divine Intellect<2><[U:1:1314738567]><>" (damage "0")
L 08/14/2024 - 19:04:01: [playercommands.smx] "Divine Intellect<2><[U:1:1314738567]><>" slapped "Divine Intellect<2><[U:1:1314738567]><>" (damage "0")
L 08/14/2024 - 19:04:02: [playercommands.smx] "Divine Intellect<2><[U:1:1314738567]><>" slapped "Divine Intellect<2><[U:1:1314738567]><>" (damage "0")
L 08/14/2024 - 19:04:02: [playercommands.smx] "Divine Intellect<2><[U:1:1314738567]><>" slapped "Divine Intellect<2><[U:1:1314738567]><>" (damage "0")
L 08/14/2024 - 19:04:02: [playercommands.smx] "Divine Intellect<2><[U:1:1314738567]><>" slapped "Divine Intellect<2><[U:1:1314738567]><>" (damage "0")
L 08/14/2024 - 19:04:02: [playercommands.smx] "Divine Intellect<2><[U:1:1314738567]><>" slapped "Divine Intellect<2><[U:1:1314738567]><>" (damage "0")
L 08/14/2024 - 19:04:02: [playercommands.smx] "Divine Intellect<2><[U:1:1314738567]><>" slapped "Divine Intellect<2><[U:1:1314738567]><>" (damage "0")
L 08/14/2024 - 19:04:02: [playercommands.smx] "Divine Intellect<2><[U:1:1314738567]><>" slapped "Divine Intellect<2><[U:1:1314738567]><>" (damage "0")
L 08/14/2024 - 19:04:03: [playercommands.smx] "Divine Intellect<2><[U:1:1314738567]><>" slapped "Divine Intellect<2><[U:1:1314738567]><>" (damage "0")
L 08/14/2024 - 19:04:03: [playercommands.smx] "Divine Intellect<2><[U:1:1314738567]><>" slapped "Divine Intellect<2><[U:1:1314738567]><>" (damage "0")
L 08/14/2024 - 19:04:04: [playercommands.smx] "Divine Intellect<2><[U:1:1314738567]><>" slapped "Divine Intellect<2><[U:1:1314738567]><>" (damage "0")
L 08/14/2024 - 19:04:04: [playercommands.smx] "Divine Intellect<2><[U:1:1314738567]><>" slapped "Divine Intellect<2><[U:1:1314738567]><>" (damage "0")
L 08/14/2024 - 19:04:04: [playercommands.smx] "Divine Intellect<2><[U:1:1314738567]><>" slapped "Divine Intellect<2><[U:1:1314738567]><>" (damage "0")
L 08/14/2024 - 19:04:04: [playercommands.smx] "Divine Intellect<2><[U:1:1314738567]><>" slapped "Divine Intellect<2><[U:1:1314738567]><>" (damage "0")
L 08/14/2024 - 19:04:05: [playercommands.smx] "Divine Intellect<2><[U:1:1314738567]><>" slapped "Divine Intellect<2><[U:1:1314738567]><>" (damage "0")
L 08/14/2024 - 19:04:05: [playercommands.smx] "Divine Intellect<2><[U:1:1314738567]><>" slapped "Divine Intellect<2><[U:1:1314738567]><>" (damage "0")
L 08/14/2024 - 19:04:05: [playercommands.smx] "Divine Intellect<2><[U:1:1314738567]><>" slapped "Divine Intellect<2><[U:1:1314738567]><>" (damage "0")
L 08/14/2024 - 19:04:05: [playercommands.smx] "Divine Intellect<2><[U:1:1314738567]><>" slapped "Divine Intellect<2><[U:1:1314738567]><>" (damage "0")
L 08/14/2024 - 19:04:05: [playercommands.smx] "Divine Intellect<2><[U:1:1314738567]><>" slapped "Divine Intellect<2><[U:1:1314738567]><>" (damage "0")
L 08/14/2024 - 19:04:05: [playercommands.smx] "Divine Intellect<2><[U:1:1314738567]><>" slapped "Divine Intellect<2><[U:1:1314738567]><>" (damage "0")
L 08/14/2024 - 19:04:06: [playercommands.smx] "Divine Intellect<2><[U:1:1314738567]><>" slapped "Divine Intellect<2><[U:1:1314738567]><>" (damage "0")
L 08/14/2024 - 19:04:06: [playercommands.smx] "Divine Intellect<2><[U:1:1314738567]><>" slapped "Divine Intellect<2><[U:1:1314738567]><>" (damage "0")
L 08/14/2024 - 19:04:07: [playercommands.smx] "Divine Intellect<2><[U:1:1314738567]><>" slapped "Divine Intellect<2><[U:1:1314738567]><>" (damage "0")
L 08/14/2024 - 19:04:07: [playercommands.smx] "Divine Intellect<2><[U:1:1314738567]><>" slapped "Divine Intellect<2><[U:1:1314738567]><>" (damage "0")
L 08/14/2024 - 19:04:07: [playercommands.smx] "Divine Intellect<2><[U:1:1314738567]><>" slapped "Divine Intellect<2><[U:1:1314738567]><>" (damage "0")
L 08/14/2024 - 19:04:07: [playercommands.smx] "Divine Intellect<2><[U:1:1314738567]><>" slapped "Divine Intellect<2><[U:1:1314738567]><>" (damage "0")
L 08/14/2024 - 19:04:07: [playercommands.smx] "Divine Intellect<2><[U:1:1314738567]><>" slapped "Divine Intellect<2><[U:1:1314738567]><>" (damage "0")
L 08/14/2024 - 19:04:08: [playercommands.smx] "Divine Intellect<2><[U:1:1314738567]><>" slapped "Divine Intellect<2><[U:1:1314738567]><>" (damage "0")
L 08/14/2024 - 19:04:08: [playercommands.smx] "Divine Intellect<2><[U:1:1314738567]><>" slapped "Divine Intellect<2><[U:1:1314738567]><>" (damage "0")
L 08/14/2024 - 19:04:08: [playercommands.smx] "Divine Intellect<2><[U:1:1314738567]><>" slapped "Divine Intellect<2><[U:1:1314738567]><>" (damage "0")
L 08/14/2024 - 19:04:09: [playercommands.smx] "Divine Intellect<2><[U:1:1314738567]><>" slapped "Divine Intellect<2><[U:1:1314738567]><>" (damage "0")
L 08/14/2024 - 19:04:09: [playercommands.smx] "Divine Intellect<2><[U:1:1314738567]><>" slapped "Divine Intellect<2><[U:1:1314738567]><>" (damage "0")
L 08/14/2024 - 19:04:09: [playercommands.smx] "Divine Intellect<2><[U:1:1314738567]><>" slapped "Divine Intellect<2><[U:1:1314738567]><>" (damage "0")
L 08/14/2024 - 19:04:09: [playercommands.smx] "Divine Intellect<2><[U:1:1314738567]><>" slapped "Divine Intellect<2><[U:1:1314738567]><>" (damage "0")
L 08/14/2024 - 19:04:10: [playercommands.smx] "Divine Intellect<2><[U:1:1314738567]><>" slapped "Divine Intellect<2><[U:1:1314738567]><>" (damage "0")
L 08/14/2024 - 19:04:10: [playercommands.smx] "Divine Intellect<2><[U:1:1314738567]><>" slapped "Divine Intellect<2><[U:1:1314738567]><>" (damage "0")
L 08/14/2024 - 19:04:10: [playercommands.smx] "Divine Intellect<2><[U:1:1314738567]><>" slapped "Divine Intellect<2><[U:1:1314738567]><>" (damage "0")
L 08/14/2024 - 19:04:10: [playercommands.smx] "Divine Intellect<2><[U:1:1314738567]><>" slapped "Divine Intellect<2><[U:1:1314738567]><>" (damage "0")
L 08/14/2024 - 19:04:10: [playercommands.smx] "Divine Intellect<2><[U:1:1314738567]><>" slapped "Divine Intellect<2><[U:1:1314738567]><>" (damage "0")
L 08/14/2024 - 19:04:10: [playercommands.smx] "Divine Intellect<2><[U:1:1314738567]><>" slapped "Divine Intellect<2><[U:1:1314738567]><>" (damage "0")
L 08/14/2024 - 19:04:11: [playercommands.smx] "Divine Intellect<2><[U:1:1314738567]><>" slapped "Divine Intellect<2><[U:1:1314738567]><>" (damage "0")
L 08/14/2024 - 19:04:11: [playercommands.smx] "Divine Intellect<2><[U:1:1314738567]><>" slapped "Divine Intellect<2><[U:1:1314738567]><>" (damage "0")
L 08/14/2024 - 19:04:12: [playercommands.smx] "Divine Intellect<2><[U:1:1314738567]><>" slapped "Divine Intellect<2><[U:1:1314738567]><>" (damage "0")
L 08/14/2024 - 19:04:12: [playercommands.smx] "Divine Intellect<2><[U:1:1314738567]><>" slapped "Divine Intellect<2><[U:1:1314738567]><>" (damage "0")
L 08/14/2024 - 19:04:12: [playercommands.smx] "Divine Intellect<2><[U:1:1314738567]><>" slapped "Divine Intellect<2><[U:1:1314738567]><>" (damage "0")
L 08/14/2024 - 19:04:12: [playercommands.smx] "Divine Intellect<2><[U:1:1314738567]><>" slapped "Divine Intellect<2><[U:1:1314738567]><>" (damage "0")
L 08/14/2024 - 19:04:12: [playercommands.smx] "Divine Intellect<2><[U:1:1314738567]><>" slapped "Divine Intellect<2><[U:1:1314738567]><>" (damage "0")
L 08/14/2024 - 19:04:12: [playercommands.smx] "Divine Intellect<2><[U:1:1314738567]><>" slapped "Divine Intellect<2><[U:1:1314738567]><>" (damage "0")
L 08/14/2024 - 19:04:13: [playercommands.smx] "Divine Intellect<2><[U:1:1314738567]><>" slapped "Divine Intellect<2><[U:1:1314738567]><>" (damage "0")
L 08/14/2024 - 19:04:13: [playercommands.smx] "Divine Intellect<2><[U:1:1314738567]><>" slapped "Divine Intellect<2><[U:1:1314738567]><>" (damage "0")
L 08/14/2024 - 19:04:38: [funcommands.smx] "Divine Intellect<2><[U:1:1314738567]><>" ignited "Divine Intellect<2><[U:1:1314738567]><>" (seconds "20.000000")
