L 08/16/2024 - 11:37:52: SourceMod log file session started (file "/home/davidn/Documents/Servers/IncrementalFortressTest/tf/addons/sourcemod/logs/L20240816.log") (Version "1.11.0.6968")
L 08/16/2024 - 11:37:52: [TF2ITEMS] "GiveNamedItem" offset = 493
L 08/16/2024 - 17:16:30: [playercommands.smx] "Divine Intellect<2><[U:1:1314738567]><>" slapped "Divine Intellect<2><[U:1:1314738567]><>" (damage "100")
L 08/16/2024 - 17:36:02: SourceMod log file session started (file "/home/davidn/Documents/Servers/IncrementalFortressTest/tf/addons/sourcemod/logs/L20240816.log") (Version "1.11.0.6968")
L 08/16/2024 - 17:36:02: [TF2ITEMS] "GiveNamedItem" offset = 493
L 08/16/2024 - 17:37:14: SourceMod log file session started (file "/home/davidn/Documents/Servers/IncrementalFortressTest/tf/addons/sourcemod/logs/L20240816.log") (Version "1.11.0.6968")
L 08/16/2024 - 17:37:14: [TF2ITEMS] "GiveNamedItem" offset = 493
L 08/16/2024 - 18:03:22: [funcommands.smx] "Console<0><Console><Console>" froze "Soulless<5><BOT><>"
L 08/16/2024 - 18:03:22: [funcommands.smx] "Console<0><Console><Console>" froze "The Freeman<4><BOT><>"
L 08/16/2024 - 18:03:22: [funcommands.smx] "Console<0><Console><Console>" froze "MindlessElectrons<3><BOT><>"
L 08/16/2024 - 18:03:43: [funcommands.smx] "Divine Intellect<2><[U:1:1314738567]><>" toggled noclip on "Divine Intellect<2><[U:1:1314738567]><>"
L 08/16/2024 - 18:12:26: SourceMod log file session started (file "/home/davidn/Documents/Servers/IncrementalFortressTest/tf/addons/sourcemod/logs/L20240816.log") (Version "1.11.0.6968")
L 08/16/2024 - 18:12:26: [TF2ITEMS] "GiveNamedItem" offset = 493
L 08/16/2024 - 19:48:36: SourceMod log file session started (file "/home/davidn/Documents/Servers/IncrementalFortressTest/tf/addons/sourcemod/logs/L20240816.log") (Version "1.11.0.6968")
L 08/16/2024 - 19:48:36: [TF2ITEMS] "GiveNamedItem" offset = 493
L 08/16/2024 - 19:52:28: SourceMod log file session started (file "/home/davidn/Documents/Servers/IncrementalFortressTest/tf/addons/sourcemod/logs/L20240816.log") (Version "1.11.0.6968")
L 08/16/2024 - 19:52:28: [TF2ITEMS] "GiveNamedItem" offset = 493
L 08/16/2024 - 20:23:32: SourceMod log file session started (file "/home/davidn/Documents/Servers/IncrementalFortressTest/tf/addons/sourcemod/logs/L20240816.log") (Version "1.11.0.6968")
L 08/16/2024 - 20:23:32: [TF2ITEMS] "GiveNamedItem" offset = 493
L 08/16/2024 - 20:29:36: SourceMod log file session started (file "/home/davidn/Documents/Servers/IncrementalFortressTest/tf/addons/sourcemod/logs/L20240816.log") (Version "1.11.0.6968")
L 08/16/2024 - 20:29:36: [TF2ITEMS] "GiveNamedItem" offset = 493
L 08/16/2024 - 20:48:30: SourceMod log file session started (file "/home/davidn/Documents/Servers/IncrementalFortressTest/tf/addons/sourcemod/logs/L20240816.log") (Version "1.11.0.6968")
L 08/16/2024 - 20:48:30: [TF2ITEMS] "GiveNamedItem" offset = 493
L 08/16/2024 - 21:26:27: SourceMod log file session started (file "/home/davidn/Documents/Servers/IncrementalFortressTest/tf/addons/sourcemod/logs/L20240816.log") (Version "1.11.0.6968")
L 08/16/2024 - 21:26:27: [TF2ITEMS] "GiveNamedItem" offset = 493
L 08/16/2024 - 21:30:15: SourceMod log file session started (file "/home/davidn/Documents/Servers/IncrementalFortressTest/tf/addons/sourcemod/logs/L20240816.log") (Version "1.11.0.6968")
L 08/16/2024 - 21:30:15: [TF2ITEMS] "GiveNamedItem" offset = 493
L 08/16/2024 - 21:31:12: SourceMod log file session started (file "/home/davidn/Documents/Servers/IncrementalFortressTest/tf/addons/sourcemod/logs/L20240816.log") (Version "1.11.0.6968")
L 08/16/2024 - 21:31:12: [TF2ITEMS] "GiveNamedItem" offset = 493
L 08/16/2024 - 21:32:56: SourceMod log file session started (file "/home/davidn/Documents/Servers/IncrementalFortressTest/tf/addons/sourcemod/logs/L20240816.log") (Version "1.11.0.6968")
L 08/16/2024 - 21:32:56: [TF2ITEMS] "GiveNamedItem" offset = 493
L 08/16/2024 - 21:33:24: SourceMod log file session started (file "/home/davidn/Documents/Servers/IncrementalFortressTest/tf/addons/sourcemod/logs/L20240816.log") (Version "1.11.0.6968")
L 08/16/2024 - 21:33:24: [TF2ITEMS] "GiveNamedItem" offset = 493
L 08/16/2024 - 21:42:09: SourceMod log file session started (file "/home/davidn/Documents/Servers/IncrementalFortressTest/tf/addons/sourcemod/logs/L20240816.log") (Version "1.11.0.6968")
L 08/16/2024 - 21:42:09: [TF2ITEMS] "GiveNamedItem" offset = 493
L 08/16/2024 - 21:42:51: SourceMod log file session started (file "/home/davidn/Documents/Servers/IncrementalFortressTest/tf/addons/sourcemod/logs/L20240816.log") (Version "1.11.0.6968")
L 08/16/2024 - 21:42:51: [TF2ITEMS] "GiveNamedItem" offset = 493
L 08/16/2024 - 21:43:36: SourceMod log file session started (file "/home/davidn/Documents/Servers/IncrementalFortressTest/tf/addons/sourcemod/logs/L20240816.log") (Version "1.11.0.6968")
L 08/16/2024 - 21:43:36: [TF2ITEMS] "GiveNamedItem" offset = 493
L 08/16/2024 - 21:44:09: SourceMod log file session started (file "/home/davidn/Documents/Servers/IncrementalFortressTest/tf/addons/sourcemod/logs/L20240816.log") (Version "1.11.0.6968")
L 08/16/2024 - 21:44:09: [TF2ITEMS] "GiveNamedItem" offset = 493
L 08/16/2024 - 21:45:14: SourceMod log file session started (file "/home/davidn/Documents/Servers/IncrementalFortressTest/tf/addons/sourcemod/logs/L20240816.log") (Version "1.11.0.6968")
L 08/16/2024 - 21:45:14: [TF2ITEMS] "GiveNamedItem" offset = 493
L 08/16/2024 - 21:47:25: SourceMod log file session started (file "/home/davidn/Documents/Servers/IncrementalFortressTest/tf/addons/sourcemod/logs/L20240816.log") (Version "1.11.0.6968")
L 08/16/2024 - 21:47:25: [TF2ITEMS] "GiveNamedItem" offset = 493
L 08/16/2024 - 21:50:12: SourceMod log file session started (file "/home/davidn/Documents/Servers/IncrementalFortressTest/tf/addons/sourcemod/logs/L20240816.log") (Version "1.11.0.6968")
L 08/16/2024 - 21:50:12: [TF2ITEMS] "GiveNamedItem" offset = 493
